This is pdfTeX, Version 3.14159265-2.6-1.40.19 (TeX Live 2018) (preloaded format=pdflatex 2019.6.22)  7 JUL 2019 06:12
entering extended mode
 restricted \write18 enabled.
 %&-line parsing enabled.
**tut1.tex
(./tut1.tex
LaTeX2e <2018-04-01> patch level 5
! Undefined control sequence.
l.5 \maketitle
              
? exit
 
Here is how much of TeX's memory you used:
 5 strings out of 494587
 115 string characters out of 6177759
 51455 words of memory out of 5000000
 3741 multiletter control sequences out of 15000+600000
 3640 words of font info for 14 fonts, out of 8000000 for 9000
 14 hyphenation exceptions out of 8191
 5i,0n,1p,83b,8s stack positions out of 5000i,500n,10000p,200000b,80000s
No pages of output.
PDF statistics:
 0 PDF objects out of 1000 (max. 8388607)
 0 named destinations out of 1000 (max. 500000)
 1 words of extra memory for PDF output out of 10000 (max. 10000000)

